c:\users\chenlijian\source\repos\book management system4.0\book management system4.0\debug\book management system4.0.pch.codeanalysis
c:\users\chenlijian\source\repos\book management system4.0\book management system4.0\debug\vc141.pdb
c:\users\chenlijian\source\repos\book management system4.0\book management system4.0\debug\vc141.idb
c:\users\chenlijian\source\repos\book management system4.0\book management system4.0\debug\book management system4.0.pch.codeanalysisast
c:\users\chenlijian\source\repos\book management system4.0\book management system4.0\debug\stdafx.nativecodeanalysis.xml
c:\users\chenlijian\source\repos\book management system4.0\book management system4.0\debug\stdafx.obj
c:\users\chenlijian\source\repos\book management system4.0\book management system4.0\debug\book management system4.0.nativecodeanalysis.xml
c:\users\chenlijian\source\repos\book management system4.0\book management system4.0\debug\library.nativecodeanalysis.xml
c:\users\chenlijian\source\repos\book management system4.0\book management system4.0\debug\library.obj
c:\users\chenlijian\source\repos\book management system4.0\book management system4.0\debug\book management system4.0.obj
c:\users\chenlijian\source\repos\book management system4.0\debug\book management system4.0.ilk
c:\users\chenlijian\source\repos\book management system4.0\debug\book management system4.0.exe
c:\users\chenlijian\source\repos\book management system4.0\debug\book management system4.0.pdb
c:\users\chenlijian\source\repos\book management system4.0\book management system4.0\debug\nativecodeanalysis.read.1.tlog
c:\users\chenlijian\source\repos\book management system4.0\book management system4.0\debug\vc.nativecodeanalysis.all.xml
c:\users\chenlijian\source\repos\book management system4.0\debug\book management system4.0.exe.lastcodeanalysissucceeded
c:\users\chenlijian\source\repos\book management system4.0\book management system4.0\debug\book man.e714793d.tlog\cl.command.1.tlog
c:\users\chenlijian\source\repos\book management system4.0\book management system4.0\debug\book man.e714793d.tlog\cl.read.1.tlog
c:\users\chenlijian\source\repos\book management system4.0\book management system4.0\debug\book man.e714793d.tlog\cl.write.1.tlog
c:\users\chenlijian\source\repos\book management system4.0\book management system4.0\debug\book man.e714793d.tlog\link.command.1.tlog
c:\users\chenlijian\source\repos\book management system4.0\book management system4.0\debug\book man.e714793d.tlog\link.read.1.tlog
c:\users\chenlijian\source\repos\book management system4.0\book management system4.0\debug\book man.e714793d.tlog\link.write.1.tlog
