c:\users\89584\source\repos\倒杨辉三角\倒杨辉三角\debug\倒杨辉三角.pch
c:\users\89584\source\repos\倒杨辉三角\倒杨辉三角\debug\vc141.pdb
c:\users\89584\source\repos\倒杨辉三角\倒杨辉三角\debug\vc141.idb
c:\users\89584\source\repos\倒杨辉三角\倒杨辉三角\debug\stdafx.obj
c:\users\89584\source\repos\倒杨辉三角\倒杨辉三角\debug\倒杨辉三角.obj
d:\source\repos\第十二周实验课\倒杨辉三角\倒杨辉三角\debug\倒杨辉三角.pch
d:\source\repos\第十二周实验课\倒杨辉三角\倒杨辉三角\debug\vc141.pdb
d:\source\repos\第十二周实验课\倒杨辉三角\倒杨辉三角\debug\vc141.idb
d:\source\repos\第十二周实验课\倒杨辉三角\倒杨辉三角\debug\stdafx.obj
d:\source\repos\第十二周实验课\倒杨辉三角\倒杨辉三角\debug\倒杨辉三角.obj
c:\users\89584\source\repos\倒杨辉三角\debug\倒杨辉三角.exe
c:\users\89584\source\repos\倒杨辉三角\debug\倒杨辉三角.ilk
c:\users\89584\source\repos\倒杨辉三角\debug\倒杨辉三角.pdb
d:\source\repos\第十二周实验课\倒杨辉三角\debug\倒杨辉三角.exe
d:\source\repos\第十二周实验课\倒杨辉三角\debug\倒杨辉三角.ilk
d:\source\repos\第十二周实验课\倒杨辉三角\debug\倒杨辉三角.pdb
d:\source\repos\第十二周实验课\倒杨辉三角\倒杨辉三角\debug\倒杨辉三角.tlog\cl.command.1.tlog
d:\source\repos\第十二周实验课\倒杨辉三角\倒杨辉三角\debug\倒杨辉三角.tlog\cl.read.1.tlog
d:\source\repos\第十二周实验课\倒杨辉三角\倒杨辉三角\debug\倒杨辉三角.tlog\cl.write.1.tlog
d:\source\repos\第十二周实验课\倒杨辉三角\倒杨辉三角\debug\倒杨辉三角.tlog\link.command.1.tlog
d:\source\repos\第十二周实验课\倒杨辉三角\倒杨辉三角\debug\倒杨辉三角.tlog\link.read.1.tlog
d:\source\repos\第十二周实验课\倒杨辉三角\倒杨辉三角\debug\倒杨辉三角.tlog\link.write.1.tlog
